  GameEngine.cpp
D:\Documents\GitHub\GameEngine-CMP5334\GameEngine\Camera.h(52,11): warning C4244: 'return': conversion from 'int' to 'float', possible loss of data
D:\Documents\GitHub\GameEngine-CMP5334\GameEngine\Camera.h(55,11): warning C4244: 'return': conversion from 'int' to 'float', possible loss of data
D:\Documents\GitHub\GameEngine-CMP5334\GameEngine\Camera.h(135,16): warning C4244: '=': conversion from 'float' to 'int', possible loss of data
D:\Documents\GitHub\GameEngine-CMP5334\GameEngine\Camera.h(138,16): warning C4244: '=': conversion from 'float' to 'int', possible loss of data
D:\Documents\GitHub\GameEngine-CMP5334\GameEngine\glew-2.1.0\include\GL\eglew.h(106,10): fatal error C1083: Cannot open include file: 'KHR/khrplatform.h': No such file or directory
  main.cpp
D:\Documents\GitHub\GameEngine-CMP5334\GameEngine\Camera.h(52,11): warning C4244: 'return': conversion from 'int' to 'float', possible loss of data
D:\Documents\GitHub\GameEngine-CMP5334\GameEngine\Camera.h(55,11): warning C4244: 'return': conversion from 'int' to 'float', possible loss of data
D:\Documents\GitHub\GameEngine-CMP5334\GameEngine\Camera.h(135,16): warning C4244: '=': conversion from 'float' to 'int', possible loss of data
D:\Documents\GitHub\GameEngine-CMP5334\GameEngine\Camera.h(138,16): warning C4244: '=': conversion from 'float' to 'int', possible loss of data
D:\Documents\GitHub\GameEngine-CMP5334\GameEngine\glew-2.1.0\include\GL\eglew.h(106,10): fatal error C1083: Cannot open include file: 'KHR/khrplatform.h': No such file or directory
  ModelRenderer.cpp
D:\Documents\GitHub\GameEngine-CMP5334\GameEngine\Camera.h(52,11): warning C4244: 'return': conversion from 'int' to 'float', possible loss of data
D:\Documents\GitHub\GameEngine-CMP5334\GameEngine\Camera.h(55,11): warning C4244: 'return': conversion from 'int' to 'float', possible loss of data
D:\Documents\GitHub\GameEngine-CMP5334\GameEngine\Camera.h(135,16): warning C4244: '=': conversion from 'float' to 'int', possible loss of data
D:\Documents\GitHub\GameEngine-CMP5334\GameEngine\Camera.h(138,16): warning C4244: '=': conversion from 'float' to 'int', possible loss of data
  ShaderUtils.cpp
  SkyboxRenderer.cpp
D:\Documents\GitHub\GameEngine-CMP5334\GameEngine\glew-2.1.0\include\GL\eglew.h(106,10): fatal error C1083: Cannot open include file: 'KHR/khrplatform.h': No such file or directory
